
> sample-ecom@0.1.0 build /Users/harz/Documents/backUps/PayUnify/apps/sample-ecom
> next build

[33m[33m[1m⚠[22m[39m Warning: Next.js inferred your workspace root, but it may not be correct.
 We detected multiple lockfiles and selected the directory of /Users/harz/Documents/backUps/PayUnify/pnpm-lock.yaml as the root directory.
 To silence this warning, set `turbopack.root` in your Next.js config, or consider removing one of the lockfiles if it's not needed.
   See https://nextjs.org/docs/app/api-reference/config/next-config-js/turbopack#root-directory for more information.
 Detected additional lockfiles: 
   * /Users/harz/Documents/backUps/PayUnify/apps/sample-ecom/pnpm-lock.yaml
[39m
[1m[38;2;173;127;168m▲ Next.js 16.1.1[39m[22m (Turbopack)

[37m[1m [22m[39m Creating an optimized production build ...
[32m[1m✓[22m[39m Compiled successfully in 4.9s
[?25l[37m[1m [22m[39m Running TypeScript  [36m.[39m[2K[1G[37m[1m [22m[39m Running TypeScript  [36m..[39m[2K[1G[37m[1m [22m[39m Running TypeScript  [36m...[39m[2K[1G[37m[1m [22m[39m Running TypeScript  [36m.[39m[2K[1G[37m[1m [22m[39m Running TypeScript  [36m..[39m[2K[1G[37m[1m [22m[39m Running TypeScript  [36m...[39m[2K[1G[37m[1m [22m[39m Running TypeScript  [36m.[39m[2K[1G[37m[1m [22m[39m Running TypeScript  [36m..[39m[2K[1G[37m[1m [22m[39m Running TypeScript  [36m...[39m[2K[1G[37m[1m [22m[39m Running TypeScript  [36m.[39m[2K[1G[37m[1m [22m[39m Running TypeScript  [36m..[39m[2K[1G[37m[1m [22m[39m Running TypeScript  [36m...[39m[2K[1G[37m[1m [22m[39m Running TypeScript  [36m.[39m[2K[1G[37m[1m [22m[39m Running TypeScript  [36m..[39m[2K[1G[37m[1m [22m[39m Running TypeScript  [36m...[39m[2K[1G[37m[1m [22m[39m Running TypeScript  [36m.[39m[2K[1G[37m[1m [22m[39m Running TypeScript  [36m..[39m[2K[1G[37m[1m [22m[39m Running TypeScript  [36m...[39m[2K[1G[37m[1m [22m[39m Running TypeScript  [36m.[39m[2K[1G[37m[1m [22m[39m Running TypeScript  [36m..[39m[2K[1G[37m[1m [22m[39m Running TypeScript  [36m...[39m[2K[1G[?25h[?25l[37m[1m [22m[39m Finished TypeScript in 4.0s  [36m.[39m[2K[1G[?25h[37m[1m [22m[39m Finished TypeScript in 4.0s    [32m[1m✓[22m[39m Finished TypeScript in 4.0s 
[?25l[37m[1m [22m[39m Collecting page data using 7 workers  [36m.[39m[2K[1G[1A[2K[1G[37m[1m [22m[39m Collecting page data using 7 workers  [36m..[39m[2K[1G[1A[2K[1G[37m[1m [22m[39m Collecting page data using 7 workers  [36m...[39m[2K[1G[1A[2K[1G[37m[1m [22m[39m Collecting page data using 7 workers  [36m.[39m[2K[1G[1A[2K[1G[37m[1m [22m[39m Collecting page data using 7 workers  [36m..[39m[2K[1G[1A[2K[1G[?25h[37m[1m [22m[39m Collecting page data using 7 workers in 984.6ms    [32m[1m✓[22m[39m Collecting page data using 7 workers in 984.6ms 
[?25l[37m[1m [22m[39m Generating static pages using 7 workers (0/9)  [36m[    ][39m[2K[1G[1A[2K[1G[37m[1m [22m[39m Generating static pages using 7 workers (3/9)  [36m[=   ][39m[2K[1G[1A[2K[1G[?25h[32m[1m✓[22m[39m Generating static pages using 7 workers (9/9) in 400.8ms
[?25l[37m[1m [22m[39m Finalizing page optimization  [36m.[39m[2K[1G[?25h[37m[1m [22m[39m Finalizing page optimization in 29.8ms    [32m[1m✓[22m[39m Finalizing page optimization in 29.8ms 

[4mRoute (app)[24m
┌ ○ /
├ ○ /_not-found
├ ○ /admin
├ ƒ /api/admin/orders
├ ƒ /api/checkout
├ ƒ /api/verify
├ ○ /checkout/success
└ ƒ /products/[id]


○  (Static)   prerendered as static content
ƒ  (Dynamic)  server-rendered on demand

[?25h
